<?xml version="1.0" encoding="UTF-8"?>
<!-- Generated by org.testng.reporters.JUnitReportReporter -->
<testsuite skipped="0" hostname="asda1713po02529" name="TestFile.TestNG.AnnotationFlow" tests="2" failures="0" timestamp="10 Jul 2017 05:34:09 GMT" time="0.008" errors="0">
  <testcase name="testCase2" time="0.002" classname="TestFile.TestNG.AnnotationFlow"/>
  <testcase name="testCase1" time="0.006" classname="TestFile.TestNG.AnnotationFlow"/>
</testsuite> <!-- TestFile.TestNG.AnnotationFlow -->
