<?xml version="1.0" encoding="UTF-8"?>
<!-- Generated by org.testng.reporters.JUnitReportReporter -->
<testsuite skipped="0" hostname="asda1713po02529" name="TestFile.TestNG.AnnotationFlow$test" tests="2" failures="0" timestamp="10 Jul 2017 05:33:24 GMT" time="0.012" errors="0">
  <testcase name="testCase1" time="0.009" classname="TestFile.TestNG.AnnotationFlow$test"/>
  <testcase name="testCase2" time="0.003" classname="TestFile.TestNG.AnnotationFlow$test"/>
</testsuite> <!-- TestFile.TestNG.AnnotationFlow$test -->
