<?xml version="1.0" encoding="UTF-8"?>
<!-- Generated by org.testng.reporters.JUnitReportReporter -->
<testsuite skipped="0" hostname="asda1713po02529" name="TestFile.TestNG.AnnotationFlowTest" tests="2" failures="0" timestamp="10 Jul 2017 06:00:07 GMT" time="0.002" errors="0">
  <testcase name="testCase1" time="0.001" classname="TestFile.TestNG.AnnotationFlowTest"/>
  <testcase name="testCase2" time="0.001" classname="TestFile.TestNG.AnnotationFlowTest"/>
</testsuite> <!-- TestFile.TestNG.AnnotationFlowTest -->
